mode: set
go-crud/service/company_service_impl.go:14.84,16.2 1 0
go-crud/service/company_service_impl.go:19.75,21.2 1 0
go-crud/service/company_service_impl.go:24.74,26.2 1 0
go-crud/service/company_service_impl.go:29.61,31.2 1 0
go-crud/service/post_service.go:13.67,15.2 1 0
go-crud/service/post_service.go:17.59,19.2 1 0
go-crud/service/post_service.go:21.78,23.2 1 0
go-crud/service/post_service.go:25.68,27.2 1 0
go-crud/service/user_service_impl.go:15.69,17.2 1 0
go-crud/service/user_service_impl.go:19.79,21.16 2 0
go-crud/service/user_service_impl.go:21.16,23.3 1 0
go-crud/service/user_service_impl.go:24.2,24.20 1 0
go-crud/service/user_service_impl.go:27.64,29.16 2 0
go-crud/service/user_service_impl.go:29.16,31.3 1 0
go-crud/service/user_service_impl.go:32.2,32.19 1 0
go-crud/service/user_service_impl.go:35.72,37.16 2 0
go-crud/service/user_service_impl.go:37.16,38.51 1 0
go-crud/service/user_service_impl.go:38.51,40.4 1 0
go-crud/service/user_service_impl.go:41.3,41.76 1 0
go-crud/service/user_service_impl.go:43.2,43.18 1 0
go-crud/service/user_service_impl.go:46.99,48.16 2 0
go-crud/service/user_service_impl.go:48.16,49.51 1 0
go-crud/service/user_service_impl.go:49.51,51.4 1 0
go-crud/service/user_service_impl.go:52.3,52.62 1 0
go-crud/service/user_service_impl.go:54.2,54.12 1 0
go-crud/service/user_service_impl.go:57.55,59.16 2 0
go-crud/service/user_service_impl.go:59.16,60.51 1 0
go-crud/service/user_service_impl.go:60.51,62.4 1 0
go-crud/service/user_service_impl.go:63.3,63.69 1 0
go-crud/service/user_service_impl.go:65.2,65.12 1 0
go-crud/service/user_service_impl.go:68.84,69.32 1 0
go-crud/service/user_service_impl.go:69.32,71.3 1 0
go-crud/service/user_service_impl.go:73.2,75.16 3 0
go-crud/service/user_service_impl.go:75.16,77.3 1 0
go-crud/service/user_service_impl.go:78.2,78.19 1 0
go-crud/service/company_service_impl.go:14.84,16.2 1 0
go-crud/service/company_service_impl.go:19.75,21.2 1 0
go-crud/service/company_service_impl.go:24.74,26.2 1 0
go-crud/service/company_service_impl.go:29.61,31.2 1 0
go-crud/service/post_service.go:13.67,15.2 1 0
go-crud/service/post_service.go:17.59,19.2 1 0
go-crud/service/post_service.go:21.78,23.2 1 0
go-crud/service/post_service.go:25.68,27.2 1 0
go-crud/service/user_service_impl.go:15.69,17.2 1 1
go-crud/service/user_service_impl.go:19.79,21.16 2 1
go-crud/service/user_service_impl.go:21.16,23.3 1 1
go-crud/service/user_service_impl.go:24.2,24.20 1 1
go-crud/service/user_service_impl.go:27.64,29.16 2 1
go-crud/service/user_service_impl.go:29.16,31.3 1 1
go-crud/service/user_service_impl.go:32.2,32.19 1 1
go-crud/service/user_service_impl.go:35.72,37.16 2 1
go-crud/service/user_service_impl.go:37.16,38.51 1 1
go-crud/service/user_service_impl.go:38.51,40.4 1 1
go-crud/service/user_service_impl.go:41.3,41.76 1 0
go-crud/service/user_service_impl.go:43.2,43.18 1 1
go-crud/service/user_service_impl.go:46.99,48.16 2 1
go-crud/service/user_service_impl.go:48.16,49.51 1 1
go-crud/service/user_service_impl.go:49.51,51.4 1 0
go-crud/service/user_service_impl.go:52.3,52.62 1 1
go-crud/service/user_service_impl.go:54.2,54.12 1 1
go-crud/service/user_service_impl.go:57.55,59.16 2 1
go-crud/service/user_service_impl.go:59.16,60.51 1 0
go-crud/service/user_service_impl.go:60.51,62.4 1 0
go-crud/service/user_service_impl.go:63.3,63.69 1 0
go-crud/service/user_service_impl.go:65.2,65.12 1 1
go-crud/service/user_service_impl.go:68.84,69.32 1 1
go-crud/service/user_service_impl.go:69.32,71.3 1 0
go-crud/service/user_service_impl.go:73.2,75.16 3 1
go-crud/service/user_service_impl.go:75.16,77.3 1 0
go-crud/service/user_service_impl.go:78.2,78.19 1 1
